<?xml version="1.0" encoding="UTF-8"?>
<beans xmlns="http://www.springframework.org/schema/beans"
	xmlns:xsi="http://www.w3.org/2001/XMLSchema-instance" xmlns:p="http://www.springframework.org/schema/p"
	xmlns:context="http://www.springframework.org/schema/context"
	xsi:schemaLocation="http://www.springframework.org/schema/beans http://www.springframework.org/schema/beans/spring-beans.xsd
        http://www.springframework.org/schema/context http://www.springframework.org/schema/context/spring-context.xsd"
        
         default-lazy-init="true"
        >

	<context:component-scan base-package="com.despegar.euler.data.hbase.user.profiling"/>
	<context:component-scan base-package="com.despegar.euler.service.async"/>
	<context:component-scan base-package="com.despegar.euler.service.destination"/>
	<context:component-scan base-package="com.despegar.euler.data.hbase"/>
	

	<bean id="segmentsService"
		class="com.despegar.euler.service.segments.FileSegmentService" />
    <!-- App/Env properties -->
	<import resource="classpath:properties-context.xml"/>
    
	<!--Geo-->
<!-- 	<import resource="classpath:geo-context.xml"/>  -->
	
</beans>