<?xml version="1.0" encoding="UTF-8"?>
<beans xmlns="http://www.springframework.org/schema/beans"
	xmlns:xsi="http://www.w3.org/2001/XMLSchema-instance" xmlns:context="http://www.springframework.org/schema/context"
	xmlns:lang="http://www.springframework.org/schema/lang" xmlns:util="http://www.springframework.org/schema/util"
	xmlns:p="http://www.springframework.org/schema/p"
	xsi:schemaLocation="http://www.springframework.org/schema/beans http://www.springframework.org/schema/beans/spring-beans.xsd
		http://www.springframework.org/schema/context http://www.springframework.org/schema/context/spring-context.xsd
		http://www.springframework.org/schema/lang http://www.springframework.org/schema/lang/spring-lang.xsd
		http://www.springframework.org/schema/util http://www.springframework.org/schema/util/spring-util.xsd">


    <import resource="classpath:properties-context.xml" />

	<context:annotation-config />
	<context:component-scan base-package="com.despegar.euler.config" use-default-filters="false" >
			<context:include-filter type="assignable" expression="com.despegar.euler.config.MailConfiguration"/>
	</context:component-scan>

</beans>
