<?xml version="1.0" encoding="UTF-8"?>
<beans xmlns="http://www.springframework.org/schema/beans"
	xmlns:xsi="http://www.w3.org/2001/XMLSchema-instance" xmlns:p="http://www.springframework.org/schema/p"
	xmlns:context="http://www.springframework.org/schema/context"
	xmlns:task="http://www.springframework.org/schema/task"
	xsi:schemaLocation="http://www.springframework.org/schema/beans http://www.springframework.org/schema/beans/spring-beans.xsd
        http://www.springframework.org/schema/context http://www.springframework.org/schema/context/spring-context.xsd
        http://www.springframework.org/schema/task http://www.springframework.org/schema/task/spring-task-3.0.xsd"
        
        default-lazy-init="true">

		
    <!-- App/Env properties -->
	<import resource="classpath:properties-context.xml"/>
        
    <context:component-scan base-package="com.despegar.euler.test"/>
    <context:component-scan base-package="com.despegar.euler.data.hbase"/>
    <context:component-scan base-package="com.despegar.euler.recommend"/>
 	<context:component-scan base-package="com.despegar.euler.service.segments"/>
 	<context:component-scan base-package="com.despegar.euler.service.destination"/>
 	<context:component-scan base-package="com.despegar.euler.service.async"/>

	<bean class="com.despegar.euler.config.HomeContentConfiguration"/>	
	<bean class="com.despegar.euler.config.AlfredConfiguration"/>
	<bean class="com.despegar.euler.config.HotRankingConfiguration"/>
	<bean class="com.despegar.euler.config.ThreadPoolsConfiguration"/>
	
	<bean class="org.apache.hadoop.conf.Configuration"/>
    
    <!-- Mocks -->
	<bean id="geoService" class="com.despegar.euler.external.geo.MockGeoService"/>
	
	
</beans>
