<?xml version="1.0" encoding="UTF-8"?>
<beans xmlns="http://www.springframework.org/schema/beans"
	xmlns:xsi="http://www.w3.org/2001/XMLSchema-instance" xmlns:p="http://www.springframework.org/schema/p"
	xmlns:context="http://www.springframework.org/schema/context"
	xsi:schemaLocation="http://www.springframework.org/schema/beans http://www.springframework.org/schema/beans/spring-beans.xsd
        http://www.springframework.org/schema/context http://www.springframework.org/schema/context/spring-context.xsd"
        
         default-lazy-init="true"
        >
        
        
	<context:component-scan base-package="com.despegar.euler.data.hbase.hot.keybuilder"/>
	<context:component-scan base-package="com.despegar.euler.data.hbase.hot.geo"/>
	<context:component-scan base-package="com.despegar.euler.data.hbase.hot.HotRankingKeyBuilder"/>
	
	<bean class="com.despegar.euler.config.HotRankingConfiguration"/>
 	<bean class="com.despegar.euler.data.hbase.hot.HotRankingServiceTestConfiguration"/>
 	
    <!-- App/Env properties -->
	<import resource="classpath:properties-context.xml"/>

	<!-- 	Profiles Configuration	 -->
	<import resource="classpath:profiling/profile-context.xml"/>
</beans>